<?xml version="1.0" encoding="UTF-8"?>
<!-- Generated by org.testng.reporters.JUnitReportReporter -->
<testsuite hostname="Haripriya" failures="0" tests="1" name="TestSuite1.Module1" time="0.006" errors="0" timestamp="2024-11-10T20:49:17 EST" skipped="0">
  <testcase classname="TestSuite1.Module1" name="test001" time="0.006"/>
  <system-out/>
</testsuite> <!-- TestSuite1.Module1 -->
